<?xml version="1.0" encoding="UTF-8"?>
<testsuite xmlns:xsi="http://www.w3.org/2001/XMLSchema-instance" xsi:noNamespaceSchemaLocation="https://maven.apache.org/surefire/maven-surefire-plugin/xsd/surefire-test-report.xsd" name="TestSuite" time="28.595" tests="2" errors="0" skipped="0" failures="0">
  <properties>
    <property name="sun.desktop" value="windows"/>
    <property name="awt.toolkit" value="sun.awt.windows.WToolkit"/>
    <property name="file.encoding.pkg" value="sun.io"/>
    <property name="java.specification.version" value="1.8"/>
    <property name="sun.cpu.isalist" value="amd64"/>
    <property name="sun.jnu.encoding" value="Cp1252"/>
    <property name="java.class.path" value="C:\Users\WesamM\Desktop\automation-project\target\test-classes;C:\Users\WesamM\Desktop\automation-project\target\classes;C:\Users\WesamM\.m2\repository\org\testng\testng\6.14.3\testng-6.14.3.jar;C:\Users\WesamM\.m2\repository\com\beust\jcommander\1.72\jcommander-1.72.jar;C:\Users\WesamM\.m2\repository\org\apache-extras\beanshell\bsh\2.0b6\bsh-2.0b6.jar;C:\Users\WesamM\.m2\repository\org\seleniumhq\selenium\selenium-java\3.141.59\selenium-java-3.141.59.jar;C:\Users\WesamM\.m2\repository\org\seleniumhq\selenium\selenium-api\3.141.59\selenium-api-3.141.59.jar;C:\Users\WesamM\.m2\repository\org\seleniumhq\selenium\selenium-chrome-driver\3.141.59\selenium-chrome-driver-3.141.59.jar;C:\Users\WesamM\.m2\repository\org\seleniumhq\selenium\selenium-edge-driver\3.141.59\selenium-edge-driver-3.141.59.jar;C:\Users\WesamM\.m2\repository\org\seleniumhq\selenium\selenium-firefox-driver\3.141.59\selenium-firefox-driver-3.141.59.jar;C:\Users\WesamM\.m2\repository\org\seleniumhq\selenium\selenium-ie-driver\3.141.59\selenium-ie-driver-3.141.59.jar;C:\Users\WesamM\.m2\repository\org\seleniumhq\selenium\selenium-opera-driver\3.141.59\selenium-opera-driver-3.141.59.jar;C:\Users\WesamM\.m2\repository\org\seleniumhq\selenium\selenium-remote-driver\3.141.59\selenium-remote-driver-3.141.59.jar;C:\Users\WesamM\.m2\repository\org\seleniumhq\selenium\selenium-safari-driver\3.141.59\selenium-safari-driver-3.141.59.jar;C:\Users\WesamM\.m2\repository\org\seleniumhq\selenium\selenium-support\3.141.59\selenium-support-3.141.59.jar;C:\Users\WesamM\.m2\repository\net\bytebuddy\byte-buddy\1.8.15\byte-buddy-1.8.15.jar;C:\Users\WesamM\.m2\repository\org\apache\commons\commons-exec\1.3\commons-exec-1.3.jar;C:\Users\WesamM\.m2\repository\com\google\guava\guava\25.0-jre\guava-25.0-jre.jar;C:\Users\WesamM\.m2\repository\com\google\code\findbugs\jsr305\1.3.9\jsr305-1.3.9.jar;C:\Users\WesamM\.m2\repository\org\checkerframework\checker-compat-qual\2.0.0\checker-compat-qual-2.0.0.jar;C:\Users\WesamM\.m2\repository\com\google\errorprone\error_prone_annotations\2.1.3\error_prone_annotations-2.1.3.jar;C:\Users\WesamM\.m2\repository\com\google\j2objc\j2objc-annotations\1.1\j2objc-annotations-1.1.jar;C:\Users\WesamM\.m2\repository\org\codehaus\mojo\animal-sniffer-annotations\1.14\animal-sniffer-annotations-1.14.jar;C:\Users\WesamM\.m2\repository\com\squareup\okhttp3\okhttp\3.11.0\okhttp-3.11.0.jar;C:\Users\WesamM\.m2\repository\com\squareup\okio\okio\1.14.0\okio-1.14.0.jar;C:\Users\WesamM\.m2\repository\org\jetbrains\annotations-java5\20.1.0\annotations-java5-20.1.0.jar;C:\Users\WesamM\.m2\repository\org\apache\poi\poi\4.1.2\poi-4.1.2.jar;C:\Users\WesamM\.m2\repository\commons-codec\commons-codec\1.13\commons-codec-1.13.jar;C:\Users\WesamM\.m2\repository\org\apache\commons\commons-math3\3.6.1\commons-math3-3.6.1.jar;C:\Users\WesamM\.m2\repository\com\zaxxer\SparseBitSet\1.2\SparseBitSet-1.2.jar;C:\Users\WesamM\.m2\repository\org\apache\poi\poi-ooxml\4.1.2\poi-ooxml-4.1.2.jar;C:\Users\WesamM\.m2\repository\org\apache\poi\poi-ooxml-schemas\4.1.2\poi-ooxml-schemas-4.1.2.jar;C:\Users\WesamM\.m2\repository\org\apache\xmlbeans\xmlbeans\3.1.0\xmlbeans-3.1.0.jar;C:\Users\WesamM\.m2\repository\org\apache\commons\commons-compress\1.19\commons-compress-1.19.jar;C:\Users\WesamM\.m2\repository\com\github\virtuald\curvesapi\1.06\curvesapi-1.06.jar;C:\Users\WesamM\.m2\repository\org\apache\commons\commons-collections4\4.1\commons-collections4-4.1.jar;"/>
    <property name="java.vm.vendor" value="Oracle Corporation"/>
    <property name="sun.arch.data.model" value="64"/>
    <property name="user.variant" value=""/>
    <property name="java.vendor.url" value="http://java.oracle.com/"/>
    <property name="user.timezone" value="Asia/Jerusalem"/>
    <property name="java.vm.specification.version" value="1.8"/>
    <property name="os.name" value="Windows 10"/>
    <property name="user.country" value="US"/>
    <property name="sun.java.launcher" value="SUN_STANDARD"/>
    <property name="sun.boot.library.path" value="C:\Program Files (x86)\Java\java-1.8.0-openjdk-1.8.0.252-2.b09.ojdkbuild.windows.x86_64\jre\bin"/>
    <property name="sun.java.command" value="C:\Users\WesamM\AppData\Local\Temp\surefire3838681130610082623\surefirebooter7608732181458316165.jar C:\Users\WesamM\AppData\Local\Temp\surefire3838681130610082623 2020-10-25T12-45-13_255-jvmRun1 surefire5454906777765761087tmp surefire_05298382565446428405tmp"/>
    <property name="surefire.test.class.path" value="C:\Users\WesamM\Desktop\automation-project\target\test-classes;C:\Users\WesamM\Desktop\automation-project\target\classes;C:\Users\WesamM\.m2\repository\org\testng\testng\6.14.3\testng-6.14.3.jar;C:\Users\WesamM\.m2\repository\com\beust\jcommander\1.72\jcommander-1.72.jar;C:\Users\WesamM\.m2\repository\org\apache-extras\beanshell\bsh\2.0b6\bsh-2.0b6.jar;C:\Users\WesamM\.m2\repository\org\seleniumhq\selenium\selenium-java\3.141.59\selenium-java-3.141.59.jar;C:\Users\WesamM\.m2\repository\org\seleniumhq\selenium\selenium-api\3.141.59\selenium-api-3.141.59.jar;C:\Users\WesamM\.m2\repository\org\seleniumhq\selenium\selenium-chrome-driver\3.141.59\selenium-chrome-driver-3.141.59.jar;C:\Users\WesamM\.m2\repository\org\seleniumhq\selenium\selenium-edge-driver\3.141.59\selenium-edge-driver-3.141.59.jar;C:\Users\WesamM\.m2\repository\org\seleniumhq\selenium\selenium-firefox-driver\3.141.59\selenium-firefox-driver-3.141.59.jar;C:\Users\WesamM\.m2\repository\org\seleniumhq\selenium\selenium-ie-driver\3.141.59\selenium-ie-driver-3.141.59.jar;C:\Users\WesamM\.m2\repository\org\seleniumhq\selenium\selenium-opera-driver\3.141.59\selenium-opera-driver-3.141.59.jar;C:\Users\WesamM\.m2\repository\org\seleniumhq\selenium\selenium-remote-driver\3.141.59\selenium-remote-driver-3.141.59.jar;C:\Users\WesamM\.m2\repository\org\seleniumhq\selenium\selenium-safari-driver\3.141.59\selenium-safari-driver-3.141.59.jar;C:\Users\WesamM\.m2\repository\org\seleniumhq\selenium\selenium-support\3.141.59\selenium-support-3.141.59.jar;C:\Users\WesamM\.m2\repository\net\bytebuddy\byte-buddy\1.8.15\byte-buddy-1.8.15.jar;C:\Users\WesamM\.m2\repository\org\apache\commons\commons-exec\1.3\commons-exec-1.3.jar;C:\Users\WesamM\.m2\repository\com\google\guava\guava\25.0-jre\guava-25.0-jre.jar;C:\Users\WesamM\.m2\repository\com\google\code\findbugs\jsr305\1.3.9\jsr305-1.3.9.jar;C:\Users\WesamM\.m2\repository\org\checkerframework\checker-compat-qual\2.0.0\checker-compat-qual-2.0.0.jar;C:\Users\WesamM\.m2\repository\com\google\errorprone\error_prone_annotations\2.1.3\error_prone_annotations-2.1.3.jar;C:\Users\WesamM\.m2\repository\com\google\j2objc\j2objc-annotations\1.1\j2objc-annotations-1.1.jar;C:\Users\WesamM\.m2\repository\org\codehaus\mojo\animal-sniffer-annotations\1.14\animal-sniffer-annotations-1.14.jar;C:\Users\WesamM\.m2\repository\com\squareup\okhttp3\okhttp\3.11.0\okhttp-3.11.0.jar;C:\Users\WesamM\.m2\repository\com\squareup\okio\okio\1.14.0\okio-1.14.0.jar;C:\Users\WesamM\.m2\repository\org\jetbrains\annotations-java5\20.1.0\annotations-java5-20.1.0.jar;C:\Users\WesamM\.m2\repository\org\apache\poi\poi\4.1.2\poi-4.1.2.jar;C:\Users\WesamM\.m2\repository\commons-codec\commons-codec\1.13\commons-codec-1.13.jar;C:\Users\WesamM\.m2\repository\org\apache\commons\commons-math3\3.6.1\commons-math3-3.6.1.jar;C:\Users\WesamM\.m2\repository\com\zaxxer\SparseBitSet\1.2\SparseBitSet-1.2.jar;C:\Users\WesamM\.m2\repository\org\apache\poi\poi-ooxml\4.1.2\poi-ooxml-4.1.2.jar;C:\Users\WesamM\.m2\repository\org\apache\poi\poi-ooxml-schemas\4.1.2\poi-ooxml-schemas-4.1.2.jar;C:\Users\WesamM\.m2\repository\org\apache\xmlbeans\xmlbeans\3.1.0\xmlbeans-3.1.0.jar;C:\Users\WesamM\.m2\repository\org\apache\commons\commons-compress\1.19\commons-compress-1.19.jar;C:\Users\WesamM\.m2\repository\com\github\virtuald\curvesapi\1.06\curvesapi-1.06.jar;C:\Users\WesamM\.m2\repository\org\apache\commons\commons-collections4\4.1\commons-collections4-4.1.jar;"/>
    <property name="sun.cpu.endian" value="little"/>
    <property name="user.home" value="C:\Users\WesamM"/>
    <property name="user.language" value="en"/>
    <property name="java.specification.vendor" value="Oracle Corporation"/>
    <property name="java.home" value="C:\Program Files (x86)\Java\java-1.8.0-openjdk-1.8.0.252-2.b09.ojdkbuild.windows.x86_64\jre"/>
    <property name="basedir" value="C:\Users\WesamM\Desktop\automation-project"/>
    <property name="file.separator" value="\"/>
    <property name="line.separator" value="&#10;"/>
    <property name="java.vm.specification.vendor" value="Oracle Corporation"/>
    <property name="java.specification.name" value="Java Platform API Specification"/>
    <property name="java.awt.graphicsenv" value="sun.awt.Win32GraphicsEnvironment"/>
    <property name="surefire.real.class.path" value="C:\Users\WesamM\AppData\Local\Temp\surefire3838681130610082623\surefirebooter7608732181458316165.jar"/>
    <property name="sun.boot.class.path" value="C:\Program Files (x86)\Java\java-1.8.0-openjdk-1.8.0.252-2.b09.ojdkbuild.windows.x86_64\jre\lib\resources.jar;C:\Program Files (x86)\Java\java-1.8.0-openjdk-1.8.0.252-2.b09.ojdkbuild.windows.x86_64\jre\lib\rt.jar;C:\Program Files (x86)\Java\java-1.8.0-openjdk-1.8.0.252-2.b09.ojdkbuild.windows.x86_64\jre\lib\sunrsasign.jar;C:\Program Files (x86)\Java\java-1.8.0-openjdk-1.8.0.252-2.b09.ojdkbuild.windows.x86_64\jre\lib\jsse.jar;C:\Program Files (x86)\Java\java-1.8.0-openjdk-1.8.0.252-2.b09.ojdkbuild.windows.x86_64\jre\lib\jce.jar;C:\Program Files (x86)\Java\java-1.8.0-openjdk-1.8.0.252-2.b09.ojdkbuild.windows.x86_64\jre\lib\charsets.jar;C:\Program Files (x86)\Java\java-1.8.0-openjdk-1.8.0.252-2.b09.ojdkbuild.windows.x86_64\jre\lib\jfr.jar;C:\Program Files (x86)\Java\java-1.8.0-openjdk-1.8.0.252-2.b09.ojdkbuild.windows.x86_64\jre\classes"/>
    <property name="user.script" value=""/>
    <property name="sun.management.compiler" value="HotSpot 64-Bit Tiered Compilers"/>
    <property name="java.runtime.version" value="1.8.0_252-b09"/>
    <property name="user.name" value="WesamM"/>
    <property name="path.separator" value=";"/>
    <property name="os.version" value="10.0"/>
    <property name="java.endorsed.dirs" value="C:\Program Files (x86)\Java\java-1.8.0-openjdk-1.8.0.252-2.b09.ojdkbuild.windows.x86_64\jre\lib\endorsed"/>
    <property name="java.runtime.name" value="OpenJDK Runtime Environment"/>
    <property name="file.encoding" value="Cp1252"/>
    <property name="java.vm.name" value="OpenJDK 64-Bit Server VM"/>
    <property name="localRepository" value="C:\Users\WesamM\.m2\repository"/>
    <property name="java.vendor.url.bug" value="http://bugreport.sun.com/bugreport/"/>
    <property name="java.io.tmpdir" value="C:\Users\WesamM\AppData\Local\Temp\"/>
    <property name="java.version" value="1.8.0_252"/>
    <property name="user.dir" value="C:\Users\WesamM\Desktop\automation-project"/>
    <property name="os.arch" value="amd64"/>
    <property name="java.vm.specification.name" value="Java Virtual Machine Specification"/>
    <property name="java.awt.printerjob" value="sun.awt.windows.WPrinterJob"/>
    <property name="sun.os.patch.level" value=""/>
    <property name="java.library.path" value="C:\Program Files (x86)\Java\java-1.8.0-openjdk-1.8.0.252-2.b09.ojdkbuild.windows.x86_64\jre\bin;C:\Windows\Sun\Java\bin;C:\Windows\system32;C:\Windows;C:\Users\WesamM\.jenkins\tools\hudson.tasks.Maven_MavenInstallation\TestMaven/bin;C:\Program Files (x86)\Java\java-1.8.0-openjdk-1.8.0.252-2.b09.ojdkbuild.windows.x86_64/bin;C:\Program Files (x86)\Java\java-1.8.0-openjdk-1.8.0.252-2.b09.ojdkbuild.windows.x86_64/bin;C:\Program Files (x86)\Common Files\Oracle\Java\javapath;C:\Windows\system32;C:\Windows;C:\Windows\System32\Wbem;C:\Windows\System32\WindowsPowerShell\v1.0\;C:\Windows\System32\OpenSSH\;C:\Program Files\Git\cmd;C:\Program Files\apache-maven-3.6.3\bin;C:\Program Files (x86)\Java\java-1.8.0-openjdk-1.8.0.252-2.b09.ojdkbuild.windows.x86_64\bin;;C:\Program Files\Docker\Docker\resources\bin;C:\ProgramData\DockerDesktop\version-bin;C:\Program Files\nodejs\;C:\Users\WesamM\AppData\Local\Microsoft\WindowsApps;C:\Program Files\JetBrains\IntelliJ IDEA Community Edition 2019.2\bin;;C:\Program Files\apache-maven-3.6.3\bin;C:\Program Files (x86)\Java\java-1.8.0-openjdk-1.8.0.252-2.b09.ojdkbuild.windows.x86_64\bin;;C:\Users\WesamM\AppData\Local\Programs\Microsoft VS Code\bin;C:\Users\WesamM\AppData\Roaming\npm;."/>
    <property name="java.vm.info" value="mixed mode"/>
    <property name="java.vendor" value="Oracle Corporation"/>
    <property name="java.vm.version" value="25.252-b09"/>
    <property name="java.ext.dirs" value="C:\Program Files (x86)\Java\java-1.8.0-openjdk-1.8.0.252-2.b09.ojdkbuild.windows.x86_64\jre\lib\ext;C:\Windows\Sun\Java\lib\ext"/>
    <property name="sun.io.unicode.encoding" value="UnicodeLittle"/>
    <property name="java.class.version" value="52.0"/>
  </properties>
  <testcase name="deleteArticleTest" classname="com.exalt.tests.conduittests.article.DeleteArticleTest" time="5.512"/>
  <testcase name="ConduitLikeTest" classname="com.exalt.tests.conduittests.home.GlobalFeedTest" time="4.917"/>
</testsuite>