<?xml version="1.0" encoding="UTF-8"?>
<!-- Generated by org.testng.reporters.JUnitReportReporter -->
<testsuite skipped="0" hostname="DESKTOP-2H06RQ4" name="com.exalt.tests.conduittests.article.DeleteArticleTest" tests="1" failures="0" timestamp="25 Oct 2020 10:45:42 GMT" time="11.306" errors="0">
  <testcase name="deleteArticleTest" time="11.306" classname="com.exalt.tests.conduittests.article.DeleteArticleTest"/>
</testsuite> <!-- com.exalt.tests.conduittests.article.DeleteArticleTest -->
