<?xml version="1.0" encoding="UTF-8"?>
<!-- Generated by org.testng.reporters.JUnitReportReporter -->
<testsuite skipped="0" hostname="DESKTOP-2H06RQ4" name="com.exalt.tests.conduittests.home.GlobalFeedTest" tests="1" failures="0" timestamp="25 Oct 2020 10:45:42 GMT" time="4.916" errors="0">
  <testcase name="ConduitLikeTest" time="4.916" classname="com.exalt.tests.conduittests.home.GlobalFeedTest"/>
</testsuite> <!-- com.exalt.tests.conduittests.home.GlobalFeedTest -->
