<?xml version="1.0" encoding="UTF-8"?>
<!-- Generated by org.testng.reporters.JUnitReportReporter -->
<testsuite skipped="0" hostname="DESKTOP-2H06RQ4" name="com.exalt.SeleniumTest" tests="2" failures="0" timestamp="13 Sep 2020 09:29:50 GMT" time="0.063" errors="0">
  <testcase name="logoTest" time="0.058" classname="com.exalt.SeleniumTest"/>
  <testcase name="titleTest" time="0.005" classname="com.exalt.SeleniumTest"/>
</testsuite> <!-- com.exalt.SeleniumTest -->
